<?xml version="1.0" encoding="UTF-8"?>
<!-- Generated by org.testng.reporters.JUnitXMLReporter -->
<testsuite ignored="0" hostname="DESKTOP-0A3GMD7" failures="0" tests="3" name="ChromeTest(failed)" time="32.103" errors="0" timestamp="2022-08-05T20:54:32 IST">
  <testcase classname="com.sauceDemo.TestClasses.TC003_VerifybagProductAddtoCartFunctionality" name="addToCartFunctionality" time="0.412"/>
  <testcase classname="com.sauceDemo.TestClasses.TC002_VerifyLogOutFunctionality" name="logoutFunctionality" time="0.619"/>
  <testcase classname="com.sauceDemo.TestClasses.TC001_VerifyLoginFunctionality" name="loginFunctionality" time="0.025"/>
</testsuite> <!-- ChromeTest(failed) -->
