<?xml version="1.0" encoding="UTF-8"?>
<!-- Generated by org.testng.reporters.JUnitXMLReporter -->
<testsuite ignored="0" hostname="DESKTOP-0A3GMD7" failures="0" tests="3" name="ChromeTest" time="14.287" errors="0" timestamp="2022-08-05T20:27:32 IST">
  <testcase classname="com.sauceDemo.TestClasses.TC001_VerifyLoginFunctionality" name="loginFunctionality" time="0.02"/>
  <testcase classname="com.sauceDemo.TestClasses.TC002_VerifyLogOutFunctionality" name="logoutFunctionality" time="0.262"/>
  <testcase classname="com.sauceDemo.TestClasses.TC003_VerifybagProductAddtoCartFunctionality" name="addToCartFunctionality" time="0.136"/>
</testsuite> <!-- ChromeTest -->
