<?xml version="1.0" encoding="UTF-8"?>
<!-- Generated by org.testng.reporters.JUnitXMLReporter -->
<testsuite ignored="0" hostname="DESKTOP-0A3GMD7" failures="1" tests="3" name="HighPriorityTest" time="15.636" errors="0" timestamp="2022-08-05T18:07:17 IST">
  <testcase classname="com.sauceDemo.TestClasses.TC001_VerifyLoginFunctionality" name="loginFunctionality" time="0.03">
    <failure type="java.lang.AssertionError" message="expected [ Labs] but found [Swag Labs]">
      <![CDATA[java.lang.AssertionError: expected [ Labs] but found [Swag Labs]
at com.sauceDemo.TestClasses.TC001_VerifyLoginFunctionality.loginFunctionality(TC001_VerifyLoginFunctionality.java:19)
at java.base/java.util.concurrent.ThreadPoolExecutor.runWorker(ThreadPoolExecutor.java:1136)
at java.base/java.util.concurrent.ThreadPoolExecutor$Worker.run(ThreadPoolExecutor.java:635)
at java.base/java.lang.Thread.run(Thread.java:833)
... Removed 18 stack frames]]>
    </failure>
  </testcase> <!-- loginFunctionality -->
  <testcase classname="com.sauceDemo.TestClasses.TC003_VerifybagProductAddtoCartFunctionality" name="addToCartFunctionality" time="0.196"/>
  <testcase classname="com.sauceDemo.TestClasses.TC002_VerifyLogOutFunctionality" name="logoutFunctionality" time="0.235"/>
</testsuite> <!-- HighPriorityTest -->
